Determining if the pthread_create exist failed with the following output:
Change Dir: /home/pi/ws_jokar/build/CMakeFiles/CMakeTmp

Run Build Command:"/usr/bin/make" "cmTC_b1ebe/fast"
/usr/bin/make -f CMakeFiles/cmTC_b1ebe.dir/build.make CMakeFiles/cmTC_b1ebe.dir/build
make[1]: Entering directory '/home/pi/ws_jokar/build/CMakeFiles/CMakeTmp'
Building C object CMakeFiles/cmTC_b1ebe.dir/CheckSymbolExists.c.o
/usr/bin/cc    -o CMakeFiles/cmTC_b1ebe.dir/CheckSymbolExists.c.o   -c /home/pi/ws_jokar/build/CMakeFiles/CMakeTmp/CheckSymbolExists.c
Linking C executable cmTC_b1ebe
/usr/bin/cmake -E cmake_link_script CMakeFiles/cmTC_b1ebe.dir/link.txt --verbose=1
/usr/bin/cc      -rdynamic CMakeFiles/cmTC_b1ebe.dir/CheckSymbolExists.c.o  -o cmTC_b1ebe 
/usr/bin/ld: CMakeFiles/cmTC_b1ebe.dir/CheckSymbolExists.c.o: in function `main':
CheckSymbolExists.c:(.text+0x38): undefined reference to `pthread_create'
collect2: error: ld returned 1 exit status
make[1]: *** [CMakeFiles/cmTC_b1ebe.dir/build.make:87: cmTC_b1ebe] Error 1
make[1]: Leaving directory '/home/pi/ws_jokar/build/CMakeFiles/CMakeTmp'
make: *** [Makefile:121: cmTC_b1ebe/fast] Error 2

File /home/pi/ws_jokar/build/CMakeFiles/CMakeTmp/CheckSymbolExists.c:
/* */
#include <pthread.h>

int main(int argc, char** argv)
{
  (void)argv;
#ifndef pthread_create
  return ((int*)(&pthread_create))[argc];
#else
  (void)argc;
  return 0;
#endif
}

Determining if the function pthread_create exists in the pthreads failed with the following output:
Change Dir: /home/pi/ws_jokar/build/CMakeFiles/CMakeTmp

Run Build Command:"/usr/bin/make" "cmTC_24086/fast"
/usr/bin/make -f CMakeFiles/cmTC_24086.dir/build.make CMakeFiles/cmTC_24086.dir/build
make[1]: Entering directory '/home/pi/ws_jokar/build/CMakeFiles/CMakeTmp'
Building C object CMakeFiles/cmTC_24086.dir/CheckFunctionExists.c.o
/usr/bin/cc   -DCHECK_FUNCTION_EXISTS=pthread_create   -o CMakeFiles/cmTC_24086.dir/CheckFunctionExists.c.o   -c /usr/share/cmake-3.13/Modules/CheckFunctionExists.c
Linking C executable cmTC_24086
/usr/bin/cmake -E cmake_link_script CMakeFiles/cmTC_24086.dir/link.txt --verbose=1
/usr/bin/cc  -DCHECK_FUNCTION_EXISTS=pthread_create    -rdynamic CMakeFiles/cmTC_24086.dir/CheckFunctionExists.c.o  -o cmTC_24086 -lpthreads 
/usr/bin/ld: cannot find -lpthreads
collect2: error: ld returned 1 exit status
make[1]: *** [CMakeFiles/cmTC_24086.dir/build.make:87: cmTC_24086] Error 1
make[1]: Leaving directory '/home/pi/ws_jokar/build/CMakeFiles/CMakeTmp'
make: *** [Makefile:121: cmTC_24086/fast] Error 2


